{"/home/adel/Projetos/GoStack/rocketseat-education-gostack-template-typeorm-upload/src/app.ts": {"path":"/home/adel/Projetos/GoStack/rocketseat-education-gostack-template-typeorm-upload/src/app.ts","statementMap":{"0":{"start":{"line":1,"column":0},"end":{"line":1,"column":26}},"1":{"start":{"line":2,"column":0},"end":{"line":2,"column":23}},"2":{"start":{"line":4,"column":0},"end":{"line":4,"column":67}},"3":{"start":{"line":5,"column":0},"end":{"line":5,"column":30}},"4":{"start":{"line":7,"column":0},"end":{"line":7,"column":30}},"5":{"start":{"line":8,"column":0},"end":{"line":8,"column":41}},"6":{"start":{"line":10,"column":0},"end":{"line":10,"column":42}},"7":{"start":{"line":12,"column":0},"end":{"line":12,"column":19}},"8":{"start":{"line":13,"column":12},"end":{"line":13,"column":21}},"9":{"start":{"line":15,"column":0},"end":{"line":15,"column":24}},"10":{"start":{"line":16,"column":0},"end":{"line":16,"column":16}},"11":{"start":{"line":18,"column":0},"end":{"line":32,"column":3}},"12":{"start":{"line":19,"column":2},"end":{"line":24,"column":null}},"13":{"start":{"line":20,"column":4},"end":{"line":23,"column":7}},"14":{"start":{"line":26,"column":2},"end":{"line":26,"column":21}},"15":{"start":{"line":28,"column":2},"end":{"line":31,"column":5}},"16":{"start":{"line":34,"column":0},"end":{"line":34,"column":19}}},"fnMap":{"0":{"name":"(anonymous_1)","decl":{"start":{"line":18,"column":8},"end":{"line":18,"column":9}},"loc":{"start":{"line":18,"column":74},"end":{"line":32,"column":1}}}},"branchMap":{"0":{"loc":{"start":{"line":19,"column":2},"end":{"line":24,"column":null}},"type":"if","locations":[{"start":{"line":19,"column":2},"end":{"line":24,"column":null}},{"start":{"line":19,"column":2},"end":{"line":24,"column":null}}]}},"s":{"0":1,"1":1,"2":1,"3":1,"4":1,"5":1,"6":1,"7":1,"8":1,"9":1,"10":1,"11":1,"12":2,"13":2,"14":0,"15":0,"16":1},"f":{"0":2},"b":{"0":[2,0]}}
,"/home/adel/Projetos/GoStack/rocketseat-education-gostack-template-typeorm-upload/src/config/upload.ts": {"path":"/home/adel/Projetos/GoStack/rocketseat-education-gostack-template-typeorm-upload/src/config/upload.ts","statementMap":{"0":{"start":{"line":1,"column":0},"end":{"line":1,"column":28}},"1":{"start":{"line":2,"column":0},"end":{"line":2,"column":24}},"2":{"start":{"line":3,"column":0},"end":{"line":3,"column":28}},"3":{"start":{"line":5,"column":0},"end":{"line":18,"column":2}},"4":{"start":{"line":9,"column":23},"end":{"line":9,"column":61}},"5":{"start":{"line":10,"column":26},"end":{"line":10,"column":57}},"6":{"start":{"line":11,"column":6},"end":{"line":13,"column":null}},"7":{"start":{"line":12,"column":8},"end":{"line":12,"column":65}},"8":{"start":{"line":15,"column":6},"end":{"line":15,"column":38}}},"fnMap":{"0":{"name":"(anonymous_1)","decl":{"start":{"line":8,"column":12},"end":{"line":8,"column":13}},"loc":{"start":{"line":8,"column":36},"end":{"line":16,"column":5}}}},"branchMap":{"0":{"loc":{"start":{"line":11,"column":6},"end":{"line":13,"column":null}},"type":"if","locations":[{"start":{"line":11,"column":6},"end":{"line":13,"column":null}},{"start":{"line":11,"column":6},"end":{"line":13,"column":null}}]}},"s":{"0":1,"1":1,"2":1,"3":1,"4":1,"5":1,"6":1,"7":0,"8":1},"f":{"0":1},"b":{"0":[0,1]}}
,"/home/adel/Projetos/GoStack/rocketseat-education-gostack-template-typeorm-upload/src/database/index.ts": {"path":"/home/adel/Projetos/GoStack/rocketseat-education-gostack-template-typeorm-upload/src/database/index.ts","statementMap":{"0":{"start":{"line":1,"column":0},"end":{"line":1,"column":77}},"1":{"start":{"line":3,"column":0},"end":{"line":15,"column":2}},"2":{"start":{"line":3,"column":22},"end":{"line":3,"column":null}},"3":{"start":{"line":4,"column":25},"end":{"line":4,"column":null}},"4":{"start":{"line":4,"column":8},"end":{"line":4,"column":null}},"5":{"start":{"line":6,"column":2},"end":{"line":14,"column":4}}},"fnMap":{"0":{"name":"(anonymous_13)","decl":{"start":{"line":3,"column":15},"end":{"line":3,"column":22}},"loc":{"start":{"line":3,"column":38},"end":{"line":15,"column":2}}}},"branchMap":{"0":{"loc":{"start":{"line":3,"column":22},"end":{"line":3,"column":null}},"type":"if","locations":[{"start":{"line":3,"column":22},"end":{"line":3,"column":null}},{"start":{"line":3,"column":22},"end":{"line":3,"column":null}}]},"1":{"loc":{"start":{"line":4,"column":25},"end":{"line":4,"column":null}},"type":"switch","locations":[{"start":{"line":4,"column":25},"end":{"line":4,"column":null}}]},"2":{"loc":{"start":{"line":11,"column":12},"end":{"line":11,"column":37}},"type":"cond-expr","locations":[{"start":{"line":11,"column":12},"end":{"line":11,"column":37}},{"start":{"line":12,"column":12},"end":{"line":12,"column":35}}]}},"s":{"0":1,"1":1,"2":3,"3":2,"4":2,"5":2},"f":{"0":2},"b":{"0":[1,1],"1":[2],"2":[2,0]}}
,"/home/adel/Projetos/GoStack/rocketseat-education-gostack-template-typeorm-upload/src/database/migrations/1599284224948-CreateCategories.ts": {"path":"/home/adel/Projetos/GoStack/rocketseat-education-gostack-template-typeorm-upload/src/database/migrations/1599284224948-CreateCategories.ts","statementMap":{"0":{"start":{"line":1,"column":0},"end":{"line":1,"column":65}},"1":{"start":{"line":3,"column":0},"end":{"line":3,"column":null}},"2":{"start":{"line":5,"column":15},"end":{"line":34,"column":null}},"3":{"start":{"line":6,"column":4},"end":{"line":33,"column":6}},"4":{"start":{"line":36,"column":15},"end":{"line":38,"column":null}},"5":{"start":{"line":37,"column":4},"end":{"line":37,"column":46}},"6":{"start":{"line":39,"column":0},"end":{"line":39,"column":null}}},"fnMap":{"0":{"name":"(anonymous_13)","decl":{"start":{"line":3,"column":0},"end":{"line":3,"column":null}},"loc":{"start":{"line":3,"column":0},"end":{"line":39,"column":null}}},"1":{"name":"(anonymous_15)","decl":{"start":{"line":5,"column":2},"end":{"line":5,"column":15}},"loc":{"start":{"line":5,"column":42},"end":{"line":34,"column":null}}},"2":{"name":"(anonymous_18)","decl":{"start":{"line":36,"column":2},"end":{"line":36,"column":15}},"loc":{"start":{"line":36,"column":44},"end":{"line":38,"column":null}}}},"branchMap":{"0":{"loc":{"start":{"line":6,"column":4},"end":{"line":33,"column":6}},"type":"switch","locations":[{"start":{"line":6,"column":4},"end":{"line":33,"column":6}}]},"1":{"loc":{"start":{"line":37,"column":4},"end":{"line":37,"column":46}},"type":"switch","locations":[{"start":{"line":37,"column":4},"end":{"line":37,"column":46}}]}},"s":{"0":1,"1":1,"2":1,"3":2,"4":1,"5":0,"6":1},"f":{"0":2,"1":1,"2":0},"b":{"0":[1],"1":[0]}}
,"/home/adel/Projetos/GoStack/rocketseat-education-gostack-template-typeorm-upload/src/database/migrations/1599285127631-CreateTransactions.ts": {"path":"/home/adel/Projetos/GoStack/rocketseat-education-gostack-template-typeorm-upload/src/database/migrations/1599285127631-CreateTransactions.ts","statementMap":{"0":{"start":{"line":1,"column":0},"end":{"line":1,"column":null}},"1":{"start":{"line":8,"column":0},"end":{"line":8,"column":null}},"2":{"start":{"line":10,"column":15},"end":{"line":65,"column":null}},"3":{"start":{"line":11,"column":4},"end":{"line":52,"column":6}},"4":{"start":{"line":54,"column":4},"end":{"line":64,"column":6}},"5":{"start":{"line":67,"column":15},"end":{"line":70,"column":null}},"6":{"start":{"line":68,"column":4},"end":{"line":68,"column":76}},"7":{"start":{"line":69,"column":4},"end":{"line":69,"column":48}},"8":{"start":{"line":71,"column":0},"end":{"line":71,"column":null}}},"fnMap":{"0":{"name":"(anonymous_13)","decl":{"start":{"line":8,"column":0},"end":{"line":8,"column":null}},"loc":{"start":{"line":8,"column":0},"end":{"line":71,"column":null}}},"1":{"name":"(anonymous_15)","decl":{"start":{"line":10,"column":2},"end":{"line":10,"column":15}},"loc":{"start":{"line":10,"column":42},"end":{"line":65,"column":null}}},"2":{"name":"(anonymous_18)","decl":{"start":{"line":67,"column":2},"end":{"line":67,"column":15}},"loc":{"start":{"line":67,"column":44},"end":{"line":70,"column":null}}}},"branchMap":{"0":{"loc":{"start":{"line":11,"column":4},"end":{"line":52,"column":6}},"type":"switch","locations":[{"start":{"line":11,"column":4},"end":{"line":52,"column":6}}]},"1":{"loc":{"start":{"line":68,"column":4},"end":{"line":68,"column":76}},"type":"switch","locations":[{"start":{"line":68,"column":4},"end":{"line":68,"column":76}}]}},"s":{"0":1,"1":1,"2":1,"3":2,"4":2,"5":1,"6":0,"7":0,"8":1},"f":{"0":2,"1":1,"2":0},"b":{"0":[1],"1":[0]}}
,"/home/adel/Projetos/GoStack/rocketseat-education-gostack-template-typeorm-upload/src/errors/AppError.ts": {"path":"/home/adel/Projetos/GoStack/rocketseat-education-gostack-template-typeorm-upload/src/errors/AppError.ts","statementMap":{"0":{"start":{"line":1,"column":0},"end":{"line":1,"column":null}},"1":{"start":{"line":6,"column":31},"end":{"line":6,"column":null}},"2":{"start":{"line":7,"column":4},"end":{"line":7,"column":27}},"3":{"start":{"line":8,"column":4},"end":{"line":8,"column":33}},"4":{"start":{"line":10,"column":0},"end":{"line":10,"column":null}},"5":{"start":{"line":12,"column":0},"end":{"line":12,"column":24}}},"fnMap":{"0":{"name":"(anonymous_0)","decl":{"start":{"line":1,"column":0},"end":{"line":1,"column":null}},"loc":{"start":{"line":1,"column":0},"end":{"line":10,"column":null}}},"1":{"name":"AppError","decl":{"start":{"line":6,"column":2},"end":{"line":6,"column":14}},"loc":{"start":{"line":6,"column":47},"end":{"line":9,"column":3}}}},"branchMap":{"0":{"loc":{"start":{"line":6,"column":31},"end":{"line":6,"column":null}},"type":"if","locations":[{"start":{"line":6,"column":31},"end":{"line":6,"column":null}},{"start":{"line":6,"column":31},"end":{"line":6,"column":null}}]}},"s":{"0":1,"1":6,"2":3,"3":3,"4":1,"5":1},"f":{"0":1,"1":3},"b":{"0":[3,0]}}
,"/home/adel/Projetos/GoStack/rocketseat-education-gostack-template-typeorm-upload/src/models/Category.ts": {"path":"/home/adel/Projetos/GoStack/rocketseat-education-gostack-template-typeorm-upload/src/models/Category.ts","statementMap":{"0":{"start":{"line":1,"column":0},"end":{"line":1,"column":null}},"1":{"start":{"line":10,"column":0},"end":{"line":10,"column":6}},"2":{"start":{"line":12,"column":2},"end":{"line":12,"column":null}},"3":{"start":{"line":15,"column":2},"end":{"line":15,"column":null}},"4":{"start":{"line":18,"column":2},"end":{"line":18,"column":null}},"5":{"start":{"line":21,"column":2},"end":{"line":21,"column":null}},"6":{"start":{"line":10,"column":6},"end":{"line":22,"column":null}},"7":{"start":{"line":22,"column":0},"end":{"line":22,"column":null}},"8":{"start":{"line":24,"column":0},"end":{"line":24,"column":24}}},"fnMap":{"0":{"name":"(anonymous_2)","decl":{"start":{"line":10,"column":0},"end":{"line":10,"column":6}},"loc":{"start":{"line":10,"column":0},"end":{"line":10,"column":6}}}},"branchMap":{},"s":{"0":1,"1":1,"2":1,"3":1,"4":1,"5":1,"6":1,"7":1,"8":1},"f":{"0":18},"b":{}}
,"/home/adel/Projetos/GoStack/rocketseat-education-gostack-template-typeorm-upload/src/models/Transaction.ts": {"path":"/home/adel/Projetos/GoStack/rocketseat-education-gostack-template-typeorm-upload/src/models/Transaction.ts","statementMap":{"0":{"start":{"line":1,"column":0},"end":{"line":1,"column":null}},"1":{"start":{"line":10,"column":0},"end":{"line":10,"column":34}},"2":{"start":{"line":13,"column":0},"end":{"line":13,"column":6}},"3":{"start":{"line":15,"column":2},"end":{"line":15,"column":null}},"4":{"start":{"line":18,"column":2},"end":{"line":18,"column":null}},"5":{"start":{"line":21,"column":2},"end":{"line":21,"column":null}},"6":{"start":{"line":24,"column":2},"end":{"line":24,"column":null}},"7":{"start":{"line":27,"column":2},"end":{"line":27,"column":null}},"8":{"start":{"line":31,"column":2},"end":{"line":31,"column":null}},"9":{"start":{"line":29,"column":19},"end":{"line":29,"column":28}},"10":{"start":{"line":34,"column":2},"end":{"line":34,"column":null}},"11":{"start":{"line":37,"column":2},"end":{"line":37,"column":null}},"12":{"start":{"line":13,"column":6},"end":{"line":38,"column":null}},"13":{"start":{"line":38,"column":0},"end":{"line":38,"column":null}},"14":{"start":{"line":40,"column":0},"end":{"line":40,"column":27}}},"fnMap":{"0":{"name":"(anonymous_3)","decl":{"start":{"line":13,"column":0},"end":{"line":13,"column":6}},"loc":{"start":{"line":13,"column":0},"end":{"line":13,"column":6}}},"1":{"name":"(anonymous_5)","decl":{"start":{"line":29,"column":13},"end":{"line":29,"column":19}},"loc":{"start":{"line":29,"column":13},"end":{"line":29,"column":27}}}},"branchMap":{},"s":{"0":1,"1":1,"2":1,"3":1,"4":1,"5":1,"6":1,"7":1,"8":1,"9":2,"10":1,"11":1,"12":1,"13":1,"14":1},"f":{"0":26,"1":2},"b":{}}
,"/home/adel/Projetos/GoStack/rocketseat-education-gostack-template-typeorm-upload/src/repositories/TransactionsRepository.ts": {"path":"/home/adel/Projetos/GoStack/rocketseat-education-gostack-template-typeorm-upload/src/repositories/TransactionsRepository.ts","statementMap":{"0":{"start":{"line":1,"column":0},"end":{"line":1,"column":55}},"1":{"start":{"line":3,"column":0},"end":{"line":3,"column":48}},"2":{"start":{"line":12,"column":0},"end":{"line":12,"column":60}},"3":{"start":{"line":12,"column":37},"end":{"line":12,"column":47}},"4":{"start":{"line":13,"column":15},"end":{"line":29,"column":null}},"5":{"start":{"line":14,"column":25},"end":{"line":14,"column":null}},"6":{"start":{"line":14,"column":10},"end":{"line":14,"column":null}},"7":{"start":{"line":16,"column":10},"end":{"line":18,"column":10}},"8":{"start":{"line":16,"column":49},"end":{"line":16,"column":53}},"9":{"start":{"line":16,"column":55},"end":{"line":16,"column":60}},"10":{"start":{"line":17,"column":6},"end":{"line":17,"column":59}},"11":{"start":{"line":20,"column":10},"end":{"line":22,"column":10}},"12":{"start":{"line":20,"column":51},"end":{"line":20,"column":55}},"13":{"start":{"line":20,"column":57},"end":{"line":20,"column":62}},"14":{"start":{"line":21,"column":6},"end":{"line":21,"column":62}},"15":{"start":{"line":24,"column":4},"end":{"line":28,"column":6}},"16":{"start":{"line":12,"column":6},"end":{"line":30,"column":null}},"17":{"start":{"line":30,"column":0},"end":{"line":30,"column":null}},"18":{"start":{"line":32,"column":0},"end":{"line":32,"column":38}}},"fnMap":{"0":{"name":"(anonymous_21)","decl":{"start":{"line":12,"column":0},"end":{"line":12,"column":6}},"loc":{"start":{"line":12,"column":0},"end":{"line":12,"column":6}}},"1":{"name":"(anonymous_23)","decl":{"start":{"line":13,"column":2},"end":{"line":13,"column":15}},"loc":{"start":{"line":13,"column":2},"end":{"line":29,"column":null}}},"2":{"name":"(anonymous_26)","decl":{"start":{"line":16,"column":39},"end":{"line":16,"column":40}},"loc":{"start":{"line":16,"column":62},"end":{"line":18,"column":5}}},"3":{"name":"(anonymous_27)","decl":{"start":{"line":20,"column":40},"end":{"line":20,"column":41}},"loc":{"start":{"line":20,"column":64},"end":{"line":22,"column":5}}}},"branchMap":{"0":{"loc":{"start":{"line":14,"column":25},"end":{"line":14,"column":null}},"type":"switch","locations":[{"start":{"line":14,"column":25},"end":{"line":14,"column":null}}]},"1":{"loc":{"start":{"line":17,"column":33},"end":{"line":17,"column":46}},"type":"cond-expr","locations":[{"start":{"line":17,"column":33},"end":{"line":17,"column":46}},{"start":{"line":17,"column":49},"end":{"line":17,"column":58}}]},"2":{"loc":{"start":{"line":21,"column":34},"end":{"line":21,"column":48}},"type":"cond-expr","locations":[{"start":{"line":21,"column":34},"end":{"line":21,"column":48}},{"start":{"line":21,"column":51},"end":{"line":21,"column":61}}]}},"s":{"0":1,"1":1,"2":1,"3":1,"4":1,"5":13,"6":13,"7":13,"8":7,"9":7,"10":7,"11":13,"12":7,"13":7,"14":7,"15":13,"16":1,"17":1,"18":1},"f":{"0":15,"1":13,"2":7,"3":7},"b":{"0":[13],"1":[6,1],"2":[1,6]}}
,"/home/adel/Projetos/GoStack/rocketseat-education-gostack-template-typeorm-upload/src/routes/index.ts": {"path":"/home/adel/Projetos/GoStack/rocketseat-education-gostack-template-typeorm-upload/src/routes/index.ts","statementMap":{"0":{"start":{"line":1,"column":0},"end":{"line":1,"column":33}},"1":{"start":{"line":3,"column":0},"end":{"line":3,"column":55}},"2":{"start":{"line":5,"column":15},"end":{"line":5,"column":23}},"3":{"start":{"line":7,"column":0},"end":{"line":7,"column":48}},"4":{"start":{"line":9,"column":0},"end":{"line":9,"column":22}}},"fnMap":{},"branchMap":{},"s":{"0":1,"1":1,"2":1,"3":1,"4":1},"f":{},"b":{}}
,"/home/adel/Projetos/GoStack/rocketseat-education-gostack-template-typeorm-upload/src/routes/transactions.routes.ts": {"path":"/home/adel/Projetos/GoStack/rocketseat-education-gostack-template-typeorm-upload/src/routes/transactions.routes.ts","statementMap":{"0":{"start":{"line":1,"column":0},"end":{"line":1,"column":33}},"1":{"start":{"line":2,"column":0},"end":{"line":2,"column":46}},"2":{"start":{"line":3,"column":0},"end":{"line":3,"column":28}},"3":{"start":{"line":5,"column":0},"end":{"line":5,"column":44}},"4":{"start":{"line":7,"column":0},"end":{"line":7,"column":76}},"5":{"start":{"line":8,"column":0},"end":{"line":8,"column":76}},"6":{"start":{"line":9,"column":0},"end":{"line":9,"column":76}},"7":{"start":{"line":10,"column":0},"end":{"line":10,"column":78}},"8":{"start":{"line":12,"column":27},"end":{"line":12,"column":35}},"9":{"start":{"line":14,"column":15},"end":{"line":14,"column":35}},"10":{"start":{"line":16,"column":0},"end":{"line":29,"column":3}},"11":{"start":{"line":16,"column":52},"end":{"line":29,"column":2}},"12":{"start":{"line":17,"column":8},"end":{"line":17,"column":76}},"13":{"start":{"line":18,"column":18},"end":{"line":18,"column":null}},"14":{"start":{"line":18,"column":8},"end":{"line":18,"column":null}},"15":{"start":{"line":19,"column":23},"end":{"line":22,"column":null}},"16":{"start":{"line":19,"column":8},"end":{"line":22,"column":null}},"17":{"start":{"line":23,"column":8},"end":{"line":26,"column":4}},"18":{"start":{"line":28,"column":2},"end":{"line":28,"column":34}},"19":{"start":{"line":31,"column":0},"end":{"line":44,"column":3}},"20":{"start":{"line":31,"column":53},"end":{"line":44,"column":2}},"21":{"start":{"line":32,"column":8},"end":{"line":32,"column":43}},"22":{"start":{"line":34,"column":8},"end":{"line":34,"column":59}},"23":{"start":{"line":36,"column":22},"end":{"line":41,"column":null}},"24":{"start":{"line":36,"column":8},"end":{"line":41,"column":null}},"25":{"start":{"line":43,"column":2},"end":{"line":43,"column":36}},"26":{"start":{"line":46,"column":0},"end":{"line":52,"column":3}},"27":{"start":{"line":46,"column":58},"end":{"line":52,"column":2}},"28":{"start":{"line":47,"column":10},"end":{"line":47,"column":17}},"29":{"start":{"line":48,"column":8},"end":{"line":48,"column":59}},"30":{"start":{"line":49,"column":22},"end":{"line":49,"column":null}},"31":{"start":{"line":49,"column":8},"end":{"line":49,"column":null}},"32":{"start":{"line":51,"column":2},"end":{"line":51,"column":48}},"33":{"start":{"line":54,"column":0},"end":{"line":64,"column":2}},"34":{"start":{"line":57,"column":26},"end":{"line":63,"column":null}},"35":{"start":{"line":58,"column":12},"end":{"line":58,"column":21}},"36":{"start":{"line":60,"column":10},"end":{"line":60,"column":63}},"37":{"start":{"line":61,"column":25},"end":{"line":61,"column":null}},"38":{"start":{"line":61,"column":10},"end":{"line":61,"column":null}},"39":{"start":{"line":62,"column":4},"end":{"line":62,"column":39}},"40":{"start":{"line":66,"column":0},"end":{"line":66,"column":34}}},"fnMap":{"0":{"name":"(anonymous_14)","decl":{"start":{"line":16,"column":28},"end":{"line":16,"column":35}},"loc":{"start":{"line":16,"column":52},"end":{"line":29,"column":2}}},"1":{"name":"(anonymous_15)","decl":{"start":{"line":16,"column":52},"end":{"line":16,"column":null}},"loc":{"start":{"line":16,"column":52},"end":{"line":29,"column":2}}},"2":{"name":"(anonymous_17)","decl":{"start":{"line":31,"column":29},"end":{"line":31,"column":36}},"loc":{"start":{"line":31,"column":53},"end":{"line":44,"column":2}}},"3":{"name":"(anonymous_18)","decl":{"start":{"line":31,"column":53},"end":{"line":31,"column":null}},"loc":{"start":{"line":31,"column":53},"end":{"line":44,"column":2}}},"4":{"name":"(anonymous_20)","decl":{"start":{"line":46,"column":34},"end":{"line":46,"column":41}},"loc":{"start":{"line":46,"column":58},"end":{"line":52,"column":2}}},"5":{"name":"(anonymous_21)","decl":{"start":{"line":46,"column":58},"end":{"line":46,"column":null}},"loc":{"start":{"line":46,"column":58},"end":{"line":52,"column":2}}},"6":{"name":"(anonymous_23)","decl":{"start":{"line":57,"column":2},"end":{"line":57,"column":9}},"loc":{"start":{"line":57,"column":26},"end":{"line":63,"column":null}}},"7":{"name":"(anonymous_24)","decl":{"start":{"line":57,"column":26},"end":{"line":57,"column":null}},"loc":{"start":{"line":57,"column":26},"end":{"line":63,"column":null}}}},"branchMap":{},"s":{"0":1,"1":1,"2":1,"3":1,"4":1,"5":1,"6":1,"7":1,"8":1,"9":1,"10":1,"11":1,"12":1,"13":1,"14":1,"15":1,"16":1,"17":1,"18":1,"19":1,"20":9,"21":9,"22":9,"23":9,"24":9,"25":8,"26":1,"27":1,"28":1,"29":1,"30":1,"31":1,"32":1,"33":1,"34":1,"35":1,"36":1,"37":1,"38":1,"39":0,"40":1},"f":{"0":1,"1":1,"2":9,"3":9,"4":1,"5":1,"6":1,"7":1},"b":{}}
,"/home/adel/Projetos/GoStack/rocketseat-education-gostack-template-typeorm-upload/src/services/CreateTransactionService.ts": {"path":"/home/adel/Projetos/GoStack/rocketseat-education-gostack-template-typeorm-upload/src/services/CreateTransactionService.ts","statementMap":{"0":{"start":{"line":1,"column":0},"end":{"line":1,"column":61}},"1":{"start":{"line":3,"column":0},"end":{"line":3,"column":42}},"2":{"start":{"line":5,"column":0},"end":{"line":5,"column":76}},"3":{"start":{"line":7,"column":0},"end":{"line":7,"column":42}},"4":{"start":{"line":16,"column":0},"end":{"line":16,"column":null}},"5":{"start":{"line":17,"column":15},"end":{"line":50,"column":null}},"6":{"start":{"line":18,"column":4},"end":{"line":18,"column":9}},"7":{"start":{"line":19,"column":4},"end":{"line":19,"column":8}},"8":{"start":{"line":20,"column":4},"end":{"line":20,"column":9}},"9":{"start":{"line":21,"column":4},"end":{"line":21,"column":12}},"10":{"start":{"line":23,"column":10},"end":{"line":23,"column":78}},"11":{"start":{"line":25,"column":20},"end":{"line":25,"column":null}},"12":{"start":{"line":25,"column":10},"end":{"line":25,"column":null}},"13":{"start":{"line":27,"column":4},"end":{"line":29,"column":null}},"14":{"start":{"line":28,"column":6},"end":{"line":28,"column":78}},"15":{"start":{"line":31,"column":10},"end":{"line":31,"column":55}},"16":{"start":{"line":32,"column":16},"end":{"line":34,"column":null}},"17":{"start":{"line":32,"column":8},"end":{"line":34,"column":null}},"18":{"start":{"line":36,"column":8},"end":{"line":36,"column":9}},"19":{"start":{"line":37,"column":12},"end":{"line":37,"column":73}},"20":{"start":{"line":38,"column":14},"end":{"line":38,"column":57}},"21":{"start":{"line":38,"column":6},"end":{"line":38,"column":57}},"22":{"start":{"line":41,"column":10},"end":{"line":46,"column":7}},"23":{"start":{"line":47,"column":4},"end":{"line":47,"column":50}},"24":{"start":{"line":49,"column":4},"end":{"line":49,"column":23}},"25":{"start":{"line":51,"column":0},"end":{"line":51,"column":null}},"26":{"start":{"line":53,"column":0},"end":{"line":53,"column":40}}},"fnMap":{"0":{"name":"(anonymous_14)","decl":{"start":{"line":16,"column":0},"end":{"line":16,"column":null}},"loc":{"start":{"line":16,"column":0},"end":{"line":51,"column":null}}},"1":{"name":"(anonymous_16)","decl":{"start":{"line":17,"column":2},"end":{"line":17,"column":15}},"loc":{"start":{"line":22,"column":12},"end":{"line":50,"column":null}}}},"branchMap":{"0":{"loc":{"start":{"line":27,"column":4},"end":{"line":29,"column":null}},"type":"if","locations":[{"start":{"line":27,"column":4},"end":{"line":29,"column":null}},{"start":{"line":27,"column":4},"end":{"line":29,"column":null}}]},"1":{"loc":{"start":{"line":27,"column":8},"end":{"line":27,"column":26}},"type":"binary-expr","locations":[{"start":{"line":27,"column":8},"end":{"line":27,"column":26}},{"start":{"line":27,"column":30},"end":{"line":27,"column":51}}]},"2":{"loc":{"start":{"line":36,"column":8},"end":{"line":36,"column":9}},"type":"if","locations":[{"start":{"line":36,"column":8},"end":{"line":36,"column":9}},{"start":{"line":36,"column":8},"end":{"line":36,"column":9}}]}},"s":{"0":1,"1":1,"2":1,"3":1,"4":1,"5":1,"6":12,"7":12,"8":12,"9":12,"10":12,"11":12,"12":12,"13":12,"14":3,"15":9,"16":9,"17":9,"18":11,"19":7,"20":7,"21":7,"22":9,"23":17,"24":8,"25":1,"26":1},"f":{"0":11,"1":12},"b":{"0":[3,9],"1":[12,4],"2":[2,7]}}
,"/home/adel/Projetos/GoStack/rocketseat-education-gostack-template-typeorm-upload/src/services/DeleteTransactionService.ts": {"path":"/home/adel/Projetos/GoStack/rocketseat-education-gostack-template-typeorm-upload/src/services/DeleteTransactionService.ts","statementMap":{"0":{"start":{"line":1,"column":0},"end":{"line":1,"column":46}},"1":{"start":{"line":3,"column":0},"end":{"line":3,"column":76}},"2":{"start":{"line":4,"column":0},"end":{"line":4,"column":42}},"3":{"start":{"line":10,"column":0},"end":{"line":10,"column":null}},"4":{"start":{"line":11,"column":15},"end":{"line":21,"column":null}},"5":{"start":{"line":11,"column":25},"end":{"line":11,"column":27}},"6":{"start":{"line":12,"column":10},"end":{"line":12,"column":78}},"7":{"start":{"line":14,"column":24},"end":{"line":14,"column":null}},"8":{"start":{"line":14,"column":10},"end":{"line":14,"column":null}},"9":{"start":{"line":16,"column":4},"end":{"line":18,"column":null}},"10":{"start":{"line":17,"column":6},"end":{"line":17,"column":59}},"11":{"start":{"line":20,"column":4},"end":{"line":20,"column":43}},"12":{"start":{"line":22,"column":0},"end":{"line":22,"column":null}},"13":{"start":{"line":24,"column":0},"end":{"line":24,"column":40}}},"fnMap":{"0":{"name":"(anonymous_14)","decl":{"start":{"line":10,"column":0},"end":{"line":10,"column":null}},"loc":{"start":{"line":10,"column":0},"end":{"line":22,"column":null}}},"1":{"name":"(anonymous_16)","decl":{"start":{"line":11,"column":2},"end":{"line":11,"column":15}},"loc":{"start":{"line":11,"column":38},"end":{"line":21,"column":null}}}},"branchMap":{"0":{"loc":{"start":{"line":16,"column":4},"end":{"line":18,"column":null}},"type":"if","locations":[{"start":{"line":16,"column":4},"end":{"line":18,"column":null}},{"start":{"line":16,"column":4},"end":{"line":18,"column":null}}]}},"s":{"0":1,"1":1,"2":1,"3":1,"4":1,"5":1,"6":1,"7":1,"8":1,"9":1,"10":0,"11":2,"12":1,"13":1},"f":{"0":2,"1":1},"b":{"0":[0,1]}}
,"/home/adel/Projetos/GoStack/rocketseat-education-gostack-template-typeorm-upload/src/services/ImportTransactionsService.ts": {"path":"/home/adel/Projetos/GoStack/rocketseat-education-gostack-template-typeorm-upload/src/services/ImportTransactionsService.ts","statementMap":{"0":{"start":{"line":1,"column":0},"end":{"line":1,"column":30}},"1":{"start":{"line":2,"column":0},"end":{"line":2,"column":39}},"2":{"start":{"line":5,"column":0},"end":{"line":5,"column":66}},"3":{"start":{"line":6,"column":0},"end":{"line":6,"column":42}},"4":{"start":{"line":26,"column":0},"end":{"line":26,"column":null}},"5":{"start":{"line":27,"column":8},"end":{"line":53,"column":null}},"6":{"start":{"line":28,"column":10},"end":{"line":28,"column":61}},"7":{"start":{"line":30,"column":19},"end":{"line":30,"column":null}},"8":{"start":{"line":30,"column":10},"end":{"line":30,"column":null}},"9":{"start":{"line":31,"column":10},"end":{"line":35,"column":7}},"10":{"start":{"line":37,"column":10},"end":{"line":49,"column":6}},"11":{"start":{"line":38,"column":39},"end":{"line":48,"column":8}},"12":{"start":{"line":39,"column":16},"end":{"line":39,"column":49}},"13":{"start":{"line":41,"column":8},"end":{"line":43,"column":null}},"14":{"start":{"line":42,"column":10},"end":{"line":42,"column":80}},"15":{"start":{"line":45,"column":28},"end":{"line":45,"column":null}},"16":{"start":{"line":45,"column":14},"end":{"line":45,"column":null}},"17":{"start":{"line":47,"column":8},"end":{"line":47,"column":27}},"18":{"start":{"line":51,"column":4},"end":{"line":51,"column":37}},"19":{"start":{"line":52,"column":4},"end":{"line":52,"column":24}},"20":{"start":{"line":54,"column":0},"end":{"line":54,"column":null}},"21":{"start":{"line":56,"column":0},"end":{"line":56,"column":41}}},"fnMap":{"0":{"name":"(anonymous_14)","decl":{"start":{"line":26,"column":0},"end":{"line":26,"column":null}},"loc":{"start":{"line":26,"column":0},"end":{"line":54,"column":null}}},"1":{"name":"(anonymous_16)","decl":{"start":{"line":27,"column":2},"end":{"line":27,"column":8}},"loc":{"start":{"line":27,"column":29},"end":{"line":53,"column":null}}},"2":{"name":"(anonymous_19)","decl":{"start":{"line":38,"column":18},"end":{"line":38,"column":25}},"loc":{"start":{"line":38,"column":39},"end":{"line":48,"column":8}}},"3":{"name":"(anonymous_20)","decl":{"start":{"line":38,"column":39},"end":{"line":38,"column":null}},"loc":{"start":{"line":38,"column":39},"end":{"line":48,"column":8}}}},"branchMap":{"0":{"loc":{"start":{"line":41,"column":8},"end":{"line":43,"column":null}},"type":"if","locations":[{"start":{"line":41,"column":8},"end":{"line":43,"column":null}},{"start":{"line":41,"column":8},"end":{"line":43,"column":null}}]},"1":{"loc":{"start":{"line":41,"column":12},"end":{"line":41,"column":18}},"type":"binary-expr","locations":[{"start":{"line":41,"column":12},"end":{"line":41,"column":18}},{"start":{"line":41,"column":22},"end":{"line":41,"column":27}},{"start":{"line":41,"column":31},"end":{"line":41,"column":37}},{"start":{"line":41,"column":41},"end":{"line":41,"column":50}}]}},"s":{"0":1,"1":1,"2":1,"3":1,"4":1,"5":1,"6":1,"7":1,"8":1,"9":1,"10":1,"11":3,"12":3,"13":3,"14":0,"15":3,"16":2,"17":0,"18":2,"19":1,"20":1,"21":1},"f":{"0":2,"1":1,"2":3,"3":3},"b":{"0":[0,3],"1":[3,3,3,3]}}
}
