TN:
SF:src/app.ts
FN:18,(anonymous_1)
FNF:1
FNH:1
FNDA:2,(anonymous_1)
DA:1,1
DA:2,1
DA:4,1
DA:5,1
DA:7,1
DA:8,1
DA:10,1
DA:12,1
DA:13,1
DA:15,1
DA:16,1
DA:18,1
DA:19,2
DA:20,2
DA:26,0
DA:28,0
DA:34,1
LF:17
LH:15
BRDA:19,0,0,2
BRDA:19,0,1,0
BRF:2
BRH:1
end_of_record
TN:
SF:src/config/upload.ts
FN:8,(anonymous_1)
FNF:1
FNH:1
FNDA:1,(anonymous_1)
DA:1,1
DA:2,1
DA:3,1
DA:5,1
DA:9,1
DA:10,1
DA:11,1
DA:12,0
DA:15,1
LF:9
LH:8
BRDA:11,0,0,0
BRDA:11,0,1,1
BRF:2
BRH:1
end_of_record
TN:
SF:src/database/index.ts
FN:3,(anonymous_13)
FNF:1
FNH:1
FNDA:2,(anonymous_13)
DA:1,1
DA:3,3
DA:4,2
DA:6,2
LF:4
LH:4
BRDA:3,0,0,1
BRDA:3,0,1,1
BRDA:4,1,0,2
BRDA:11,2,0,2
BRDA:11,2,1,0
BRF:5
BRH:4
end_of_record
TN:
SF:src/database/migrations/1599284224948-CreateCategories.ts
FN:3,(anonymous_13)
FN:5,(anonymous_15)
FN:36,(anonymous_18)
FNF:3
FNH:2
FNDA:2,(anonymous_13)
FNDA:1,(anonymous_15)
FNDA:0,(anonymous_18)
DA:1,1
DA:3,1
DA:5,1
DA:6,2
DA:36,1
DA:37,0
DA:39,1
LF:7
LH:6
BRDA:6,0,0,1
BRDA:37,1,0,0
BRF:2
BRH:1
end_of_record
TN:
SF:src/database/migrations/1599285127631-CreateTransactions.ts
FN:8,(anonymous_13)
FN:10,(anonymous_15)
FN:67,(anonymous_18)
FNF:3
FNH:2
FNDA:2,(anonymous_13)
FNDA:1,(anonymous_15)
FNDA:0,(anonymous_18)
DA:1,1
DA:8,1
DA:10,1
DA:11,2
DA:54,2
DA:67,1
DA:68,0
DA:69,0
DA:71,1
LF:9
LH:7
BRDA:11,0,0,1
BRDA:68,1,0,0
BRF:2
BRH:1
end_of_record
TN:
SF:src/errors/AppError.ts
FN:1,(anonymous_0)
FN:6,AppError
FNF:2
FNH:2
FNDA:1,(anonymous_0)
FNDA:3,AppError
DA:1,1
DA:6,6
DA:7,3
DA:8,3
DA:10,1
DA:12,1
LF:6
LH:6
BRDA:6,0,0,3
BRDA:6,0,1,0
BRF:2
BRH:1
end_of_record
TN:
SF:src/models/Category.ts
FN:10,(anonymous_2)
FNF:1
FNH:1
FNDA:18,(anonymous_2)
DA:1,1
DA:10,1
DA:12,1
DA:15,1
DA:18,1
DA:21,1
DA:22,1
DA:24,1
LF:8
LH:8
BRF:0
BRH:0
end_of_record
TN:
SF:src/models/Transaction.ts
FN:13,(anonymous_3)
FN:29,(anonymous_5)
FNF:2
FNH:2
FNDA:26,(anonymous_3)
FNDA:2,(anonymous_5)
DA:1,1
DA:10,1
DA:13,1
DA:15,1
DA:18,1
DA:21,1
DA:24,1
DA:27,1
DA:29,2
DA:31,1
DA:34,1
DA:37,1
DA:38,1
DA:40,1
LF:14
LH:14
BRF:0
BRH:0
end_of_record
TN:
SF:src/repositories/TransactionsRepository.ts
FN:12,(anonymous_21)
FN:13,(anonymous_23)
FN:16,(anonymous_26)
FN:20,(anonymous_27)
FNF:4
FNH:4
FNDA:15,(anonymous_21)
FNDA:13,(anonymous_23)
FNDA:7,(anonymous_26)
FNDA:7,(anonymous_27)
DA:1,1
DA:3,1
DA:12,1
DA:13,1
DA:14,13
DA:16,13
DA:17,7
DA:20,13
DA:21,7
DA:24,13
DA:30,1
DA:32,1
LF:12
LH:12
BRDA:14,0,0,13
BRDA:17,1,0,6
BRDA:17,1,1,1
BRDA:21,2,0,1
BRDA:21,2,1,6
BRF:5
BRH:5
end_of_record
TN:
SF:src/routes/index.ts
FNF:0
FNH:0
DA:1,1
DA:3,1
DA:5,1
DA:7,1
DA:9,1
LF:5
LH:5
BRF:0
BRH:0
end_of_record
TN:
SF:src/routes/transactions.routes.ts
FN:16,(anonymous_14)
FN:16,(anonymous_15)
FN:31,(anonymous_17)
FN:31,(anonymous_18)
FN:46,(anonymous_20)
FN:46,(anonymous_21)
FN:57,(anonymous_23)
FN:57,(anonymous_24)
FNF:8
FNH:8
FNDA:1,(anonymous_14)
FNDA:1,(anonymous_15)
FNDA:9,(anonymous_17)
FNDA:9,(anonymous_18)
FNDA:1,(anonymous_20)
FNDA:1,(anonymous_21)
FNDA:1,(anonymous_23)
FNDA:1,(anonymous_24)
DA:1,1
DA:2,1
DA:3,1
DA:5,1
DA:7,1
DA:8,1
DA:9,1
DA:10,1
DA:12,1
DA:14,1
DA:16,1
DA:17,1
DA:18,1
DA:19,1
DA:23,1
DA:28,1
DA:31,9
DA:32,9
DA:34,9
DA:36,9
DA:43,8
DA:46,1
DA:47,1
DA:48,1
DA:49,1
DA:51,1
DA:54,1
DA:57,1
DA:58,1
DA:60,1
DA:61,1
DA:62,0
DA:66,1
LF:33
LH:32
BRF:0
BRH:0
end_of_record
TN:
SF:src/services/CreateTransactionService.ts
FN:16,(anonymous_14)
FN:17,(anonymous_16)
FNF:2
FNH:2
FNDA:11,(anonymous_14)
FNDA:12,(anonymous_16)
DA:1,1
DA:3,1
DA:5,1
DA:7,1
DA:16,1
DA:17,1
DA:18,12
DA:19,12
DA:20,12
DA:21,12
DA:23,12
DA:25,12
DA:27,12
DA:28,3
DA:31,9
DA:32,9
DA:36,11
DA:37,7
DA:38,7
DA:41,9
DA:47,17
DA:49,8
DA:51,1
DA:53,1
LF:24
LH:24
BRDA:27,0,0,3
BRDA:27,0,1,9
BRDA:27,1,0,12
BRDA:27,1,1,4
BRDA:36,2,0,2
BRDA:36,2,1,7
BRF:6
BRH:6
end_of_record
TN:
SF:src/services/DeleteTransactionService.ts
FN:10,(anonymous_14)
FN:11,(anonymous_16)
FNF:2
FNH:2
FNDA:2,(anonymous_14)
FNDA:1,(anonymous_16)
DA:1,1
DA:3,1
DA:4,1
DA:10,1
DA:11,1
DA:12,1
DA:14,1
DA:16,1
DA:17,0
DA:20,2
DA:22,1
DA:24,1
LF:12
LH:11
BRDA:16,0,0,0
BRDA:16,0,1,1
BRF:2
BRH:1
end_of_record
TN:
SF:src/services/ImportTransactionsService.ts
FN:26,(anonymous_14)
FN:27,(anonymous_16)
FN:38,(anonymous_19)
FN:38,(anonymous_20)
FNF:4
FNH:4
FNDA:2,(anonymous_14)
FNDA:1,(anonymous_16)
FNDA:3,(anonymous_19)
FNDA:3,(anonymous_20)
DA:1,1
DA:2,1
DA:5,1
DA:6,1
DA:26,1
DA:27,1
DA:28,1
DA:30,1
DA:31,1
DA:37,1
DA:38,3
DA:39,3
DA:41,3
DA:42,0
DA:45,3
DA:47,0
DA:51,2
DA:52,1
DA:54,1
DA:56,1
LF:20
LH:18
BRDA:41,0,0,0
BRDA:41,0,1,3
BRDA:41,1,0,3
BRDA:41,1,1,3
BRDA:41,1,2,3
BRDA:41,1,3,3
BRF:6
BRH:5
end_of_record
